[0418/120156.277:ERROR:process_info.cc(625)] range at 0xfffde000, size 0x230 fully unreadable
[0418/120156.280:ERROR:process_info.cc(625)] range at 0xfffdd000, size 0xf84 fully unreadable
[0418/120156.280:ERROR:process_info.cc(625)] range at 0xfffda000, size 0xf84 fully unreadable
[0418/120156.280:ERROR:process_info.cc(625)] range at 0xfffd7000, size 0xf84 fully unreadable
[0418/120156.280:ERROR:process_info.cc(625)] range at 0xfffaf000, size 0xf84 fully unreadable
[0418/120156.280:ERROR:process_info.cc(625)] range at 0xfffac000, size 0xf84 fully unreadable
[0418/120156.280:ERROR:process_info.cc(625)] range at 0xfffa9000, size 0xf84 fully unreadable
[0418/120156.280:ERROR:process_info.cc(625)] range at 0xfffa6000, size 0xf84 fully unreadable
[0418/120156.281:ERROR:process_info.cc(625)] range at 0xfffa3000, size 0xf84 fully unreadable
[0418/120156.281:ERROR:process_info.cc(625)] range at 0xfffa0000, size 0xf84 fully unreadable
[0418/120156.281:ERROR:process_info.cc(625)] range at 0xfff9d000, size 0xf84 fully unreadable
[0418/120156.281:ERROR:process_info.cc(625)] range at 0xfff9a000, size 0xf84 fully unreadable
[0418/120156.281:ERROR:process_info.cc(625)] range at 0xfff97000, size 0xf84 fully unreadable
[0418/120156.281:ERROR:process_info.cc(625)] range at 0xfff94000, size 0xf84 fully unreadable
[0418/120156.281:ERROR:process_info.cc(625)] range at 0xfff91000, size 0xf84 fully unreadable
[0418/120156.288:ERROR:process_info.cc(373)] UncheckedAllocate
[0418/120203.286:ERROR:process_info.cc(625)] range at 0xfffde000, size 0x230 fully unreadable
[0418/120203.288:ERROR:process_info.cc(625)] range at 0xfffdd000, size 0xf84 fully unreadable
[0418/120203.288:ERROR:process_info.cc(625)] range at 0xfffda000, size 0xf84 fully unreadable
[0418/120203.288:ERROR:process_info.cc(625)] range at 0xfffd7000, size 0xf84 fully unreadable
[0418/120203.288:ERROR:process_info.cc(625)] range at 0xfffaf000, size 0xf84 fully unreadable
[0418/120203.288:ERROR:process_info.cc(625)] range at 0xfffac000, size 0xf84 fully unreadable
[0418/120203.288:ERROR:process_info.cc(625)] range at 0xfffa9000, size 0xf84 fully unreadable
[0418/120203.288:ERROR:process_info.cc(625)] range at 0xfffa6000, size 0xf84 fully unreadable
[0418/120203.288:ERROR:process_info.cc(625)] range at 0xfffa3000, size 0xf84 fully unreadable
[0418/120203.288:ERROR:process_info.cc(625)] range at 0xfffa0000, size 0xf84 fully unreadable
[0418/120203.289:ERROR:process_info.cc(625)] range at 0xfff9d000, size 0xf84 fully unreadable
[0418/120203.289:ERROR:process_info.cc(625)] range at 0xfff9a000, size 0xf84 fully unreadable
[0418/120203.289:ERROR:process_info.cc(625)] range at 0xfff97000, size 0xf84 fully unreadable
[0418/120203.289:ERROR:process_info.cc(625)] range at 0xfff94000, size 0xf84 fully unreadable
[0418/120203.289:ERROR:process_info.cc(625)] range at 0xfff91000, size 0xf84 fully unreadable
[0418/120203.291:ERROR:process_info.cc(373)] UncheckedAllocate
[0419/100623.844:ERROR:process_info.cc(625)] range at 0xfffde000, size 0x230 fully unreadable
[0419/100623.848:ERROR:process_info.cc(625)] range at 0xfffdd000, size 0xf84 fully unreadable
[0419/100623.848:ERROR:process_info.cc(625)] range at 0xfffda000, size 0xf84 fully unreadable
[0419/100623.848:ERROR:process_info.cc(625)] range at 0xfffd7000, size 0xf84 fully unreadable
[0419/100623.848:ERROR:process_info.cc(625)] range at 0xfffaf000, size 0xf84 fully unreadable
[0419/100623.848:ERROR:process_info.cc(625)] range at 0xfffac000, size 0xf84 fully unreadable
[0419/100623.848:ERROR:process_info.cc(625)] range at 0xfffa9000, size 0xf84 fully unreadable
[0419/100623.848:ERROR:process_info.cc(625)] range at 0xfffa6000, size 0xf84 fully unreadable
[0419/100623.848:ERROR:process_info.cc(625)] range at 0xfffa3000, size 0xf84 fully unreadable
[0419/100623.848:ERROR:process_info.cc(625)] range at 0xfffa0000, size 0xf84 fully unreadable
[0419/100623.848:ERROR:process_info.cc(625)] range at 0xfff9d000, size 0xf84 fully unreadable
[0419/100623.848:ERROR:process_info.cc(625)] range at 0xfff9a000, size 0xf84 fully unreadable
[0419/100623.848:ERROR:process_info.cc(625)] range at 0xfff97000, size 0xf84 fully unreadable
[0419/100623.848:ERROR:process_info.cc(625)] range at 0xfff91000, size 0xf84 fully unreadable
[0419/100623.848:ERROR:process_info.cc(625)] range at 0xfff94000, size 0xf84 fully unreadable
[0419/100623.848:ERROR:process_info.cc(625)] range at 0xfff8e000, size 0xf84 fully unreadable
[0419/100623.848:ERROR:process_info.cc(625)] range at 0xfff88000, size 0xf84 fully unreadable
[0419/100623.848:ERROR:process_info.cc(625)] range at 0xfff85000, size 0xf84 fully unreadable
[0419/100623.848:ERROR:process_info.cc(625)] range at 0xfff82000, size 0xf84 fully unreadable
[0419/134019.189:ERROR:process_info.cc(625)] range at 0xfffde000, size 0x230 fully unreadable
[0419/134019.194:ERROR:process_info.cc(625)] range at 0xfffdd000, size 0xf84 fully unreadable
[0419/134019.194:ERROR:process_info.cc(625)] range at 0xfffda000, size 0xf84 fully unreadable
[0419/134019.194:ERROR:process_info.cc(625)] range at 0xfffd7000, size 0xf84 fully unreadable
[0419/134019.194:ERROR:process_info.cc(625)] range at 0xfffaf000, size 0xf84 fully unreadable
[0419/134019.194:ERROR:process_info.cc(625)] range at 0xfffac000, size 0xf84 fully unreadable
[0419/134019.195:ERROR:process_info.cc(625)] range at 0xfffa9000, size 0xf84 fully unreadable
[0419/134019.195:ERROR:process_info.cc(625)] range at 0xfffa6000, size 0xf84 fully unreadable
[0419/134019.195:ERROR:process_info.cc(625)] range at 0xfffa3000, size 0xf84 fully unreadable
[0419/134019.195:ERROR:process_info.cc(625)] range at 0xfffa0000, size 0xf84 fully unreadable
[0419/134019.195:ERROR:process_info.cc(625)] range at 0xfff9d000, size 0xf84 fully unreadable
[0419/134019.195:ERROR:process_info.cc(625)] range at 0xfff9a000, size 0xf84 fully unreadable
[0419/134019.195:ERROR:process_info.cc(625)] range at 0xfff97000, size 0xf84 fully unreadable
[0419/134019.195:ERROR:process_info.cc(625)] range at 0xfff91000, size 0xf84 fully unreadable
[0419/134019.195:ERROR:process_info.cc(625)] range at 0xfff94000, size 0xf84 fully unreadable
[0419/134019.195:ERROR:process_info.cc(625)] range at 0xfff88000, size 0xf84 fully unreadable
[0419/134019.195:ERROR:process_info.cc(625)] range at 0xfff85000, size 0xf84 fully unreadable
[0419/134019.195:ERROR:process_info.cc(625)] range at 0xfff82000, size 0xf84 fully unreadable
[0419/134019.202:ERROR:process_info.cc(389)] NtQuerySystemInformation SystemExtendedHandleInformation: {Недостаточно квот} Недостаточно квот на виртуальную память или файл подкачки для завершения требуемой операции.  (0xc0000017)
[0419/141624.135:ERROR:process_info.cc(625)] range at 0xfffde000, size 0x230 fully unreadable
[0419/141624.140:ERROR:process_info.cc(625)] range at 0xfffdd000, size 0xf84 fully unreadable
[0419/141624.140:ERROR:process_info.cc(625)] range at 0xfffda000, size 0xf84 fully unreadable
[0419/141624.140:ERROR:process_info.cc(625)] range at 0xfffd7000, size 0xf84 fully unreadable
[0419/141624.140:ERROR:process_info.cc(625)] range at 0xfffaf000, size 0xf84 fully unreadable
[0419/141624.140:ERROR:process_info.cc(625)] range at 0xfffac000, size 0xf84 fully unreadable
[0419/141624.140:ERROR:process_info.cc(625)] range at 0xfffa9000, size 0xf84 fully unreadable
[0419/141624.140:ERROR:process_info.cc(625)] range at 0xfffa6000, size 0xf84 fully unreadable
[0419/141624.140:ERROR:process_info.cc(625)] range at 0xfffa3000, size 0xf84 fully unreadable
[0419/141624.140:ERROR:process_info.cc(625)] range at 0xfffa0000, size 0xf84 fully unreadable
[0419/141624.140:ERROR:process_info.cc(625)] range at 0xfff9d000, size 0xf84 fully unreadable
[0419/141624.140:ERROR:process_info.cc(625)] range at 0xfff9a000, size 0xf84 fully unreadable
[0419/141624.140:ERROR:process_info.cc(625)] range at 0xfff97000, size 0xf84 fully unreadable
[0419/141624.140:ERROR:process_info.cc(625)] range at 0xfff91000, size 0xf84 fully unreadable
[0419/141624.140:ERROR:process_info.cc(625)] range at 0xfff94000, size 0xf84 fully unreadable
[0419/141624.140:ERROR:process_info.cc(625)] range at 0xfff8e000, size 0xf84 fully unreadable
[0419/141624.141:ERROR:process_info.cc(625)] range at 0xfff8b000, size 0xf84 fully unreadable
[0419/141624.141:ERROR:process_info.cc(625)] range at 0xfff88000, size 0xf84 fully unreadable
[0419/141624.141:ERROR:process_info.cc(625)] range at 0xfff82000, size 0xf84 fully unreadable
[0419/141624.141:ERROR:process_info.cc(625)] range at 0xfff85000, size 0xf84 fully unreadable
[0419/141624.152:ERROR:process_info.cc(373)] UncheckedAllocate
[0419/164532.132:ERROR:process_info.cc(625)] range at 0xfffde000, size 0x230 fully unreadable
[0419/164532.138:ERROR:process_info.cc(625)] range at 0xfffdd000, size 0xf84 fully unreadable
[0419/164532.138:ERROR:process_info.cc(625)] range at 0xfffda000, size 0xf84 fully unreadable
[0419/164532.138:ERROR:process_info.cc(625)] range at 0xfffd7000, size 0xf84 fully unreadable
[0419/164532.138:ERROR:process_info.cc(625)] range at 0xfffaf000, size 0xf84 fully unreadable
[0419/164532.138:ERROR:process_info.cc(625)] range at 0xfffac000, size 0xf84 fully unreadable
[0419/164532.138:ERROR:process_info.cc(625)] range at 0xfffa9000, size 0xf84 fully unreadable
[0419/164532.138:ERROR:process_info.cc(625)] range at 0xfffa6000, size 0xf84 fully unreadable
[0419/164532.138:ERROR:process_info.cc(625)] range at 0xfffa3000, size 0xf84 fully unreadable
[0419/164532.138:ERROR:process_info.cc(625)] range at 0xfffa0000, size 0xf84 fully unreadable
[0419/164532.138:ERROR:process_info.cc(625)] range at 0xfff9d000, size 0xf84 fully unreadable
[0419/164532.138:ERROR:process_info.cc(625)] range at 0xfff9a000, size 0xf84 fully unreadable
[0419/164532.138:ERROR:process_info.cc(625)] range at 0xfff97000, size 0xf84 fully unreadable
[0419/164532.139:ERROR:process_info.cc(625)] range at 0xfff91000, size 0xf84 fully unreadable
[0419/164532.139:ERROR:process_info.cc(625)] range at 0xfff8e000, size 0xf84 fully unreadable
[0419/164532.139:ERROR:process_info.cc(625)] range at 0xfff85000, size 0xf84 fully unreadable
[0419/164532.139:ERROR:process_info.cc(625)] range at 0xfff82000, size 0xf84 fully unreadable
[0419/164532.139:ERROR:process_info.cc(625)] range at 0xfff8b000, size 0xf84 fully unreadable
[0420/144647.232:ERROR:process_info.cc(625)] range at 0xfffde000, size 0x230 fully unreadable
[0420/144647.246:ERROR:process_info.cc(625)] range at 0xfffdd000, size 0xf84 fully unreadable
[0420/144647.246:ERROR:process_info.cc(625)] range at 0xfffda000, size 0xf84 fully unreadable
[0420/144647.246:ERROR:process_info.cc(625)] range at 0xfffd7000, size 0xf84 fully unreadable
[0420/144647.246:ERROR:process_info.cc(625)] range at 0xfffaf000, size 0xf84 fully unreadable
[0420/144647.246:ERROR:process_info.cc(625)] range at 0xfffa6000, size 0xf84 fully unreadable
[0420/144647.246:ERROR:process_info.cc(625)] range at 0xfffa3000, size 0xf84 fully unreadable
[0420/144647.247:ERROR:process_info.cc(625)] range at 0xfffa0000, size 0xf84 fully unreadable
[0420/144647.247:ERROR:process_info.cc(625)] range at 0xfff9d000, size 0xf84 fully unreadable
[0420/144647.247:ERROR:process_info.cc(625)] range at 0xfff9a000, size 0xf84 fully unreadable
[0420/144647.247:ERROR:process_info.cc(625)] range at 0xfff91000, size 0xf84 fully unreadable
[0420/144647.247:ERROR:process_info.cc(625)] range at 0xfff8e000, size 0xf84 fully unreadable
[0420/144647.247:ERROR:process_info.cc(625)] range at 0xfff8b000, size 0xf84 fully unreadable
[0420/144647.247:ERROR:process_info.cc(625)] range at 0xfff88000, size 0xf84 fully unreadable
[0420/144647.247:ERROR:process_info.cc(625)] range at 0xfff85000, size 0xf84 fully unreadable
[0420/144647.247:ERROR:process_info.cc(625)] range at 0xfff82000, size 0xf84 fully unreadable
[0420/144647.247:ERROR:process_info.cc(625)] range at 0xfff7f000, size 0xf84 fully unreadable
[0420/144647.247:ERROR:process_info.cc(625)] range at 0xfff7c000, size 0xf84 fully unreadable
[0420/144647.247:ERROR:process_info.cc(625)] range at 0xfff79000, size 0xf84 fully unreadable
[0420/144647.247:ERROR:process_info.cc(625)] range at 0xfff76000, size 0xf84 fully unreadable
[0420/144647.247:ERROR:process_info.cc(625)] range at 0xfff73000, size 0xf84 fully unreadable
[0420/144647.247:ERROR:process_info.cc(625)] range at 0xfff70000, size 0xf84 fully unreadable
[0420/144647.248:ERROR:process_info.cc(625)] range at 0xfff6d000, size 0xf84 fully unreadable
[0420/144647.248:ERROR:process_info.cc(625)] range at 0xfff6a000, size 0xf84 fully unreadable
[0420/144647.248:ERROR:process_info.cc(625)] range at 0xfff67000, size 0xf84 fully unreadable
[0420/144647.248:ERROR:process_info.cc(625)] range at 0xfff64000, size 0xf84 fully unreadable
[0420/144647.248:ERROR:process_info.cc(625)] range at 0xfff5e000, size 0xf84 fully unreadable
[0420/144647.248:ERROR:process_info.cc(625)] range at 0xfff5b000, size 0xf84 fully unreadable
[0420/144647.248:ERROR:process_info.cc(625)] range at 0xfff46000, size 0xf84 fully unreadable
[0420/144647.248:ERROR:process_info.cc(625)] range at 0xfff94000, size 0xf84 fully unreadable
[0420/144647.248:ERROR:process_info.cc(625)] range at 0xfff97000, size 0xf84 fully unreadable
[0420/144647.248:ERROR:process_info.cc(625)] range at 0xfffa9000, size 0xf84 fully unreadable
[0420/144647.248:ERROR:process_info.cc(625)] range at 0xfffac000, size 0xf84 fully unreadable
[0421/125208.764:ERROR:process_info.cc(625)] range at 0xfffde000, size 0x230 fully unreadable
[0421/125208.770:ERROR:process_info.cc(625)] range at 0xfffdd000, size 0xf84 fully unreadable
[0421/125208.770:ERROR:process_info.cc(625)] range at 0xfffda000, size 0xf84 fully unreadable
[0421/125208.770:ERROR:process_info.cc(625)] range at 0xfffd7000, size 0xf84 fully unreadable
[0421/125208.770:ERROR:process_info.cc(625)] range at 0xfffaf000, size 0xf84 fully unreadable
[0421/125208.770:ERROR:process_info.cc(625)] range at 0xfffac000, size 0xf84 fully unreadable
[0421/125208.770:ERROR:process_info.cc(625)] range at 0xfffa9000, size 0xf84 fully unreadable
[0421/125208.770:ERROR:process_info.cc(625)] range at 0xfffa6000, size 0xf84 fully unreadable
[0421/125208.771:ERROR:process_info.cc(625)] range at 0xfffa3000, size 0xf84 fully unreadable
[0421/125208.771:ERROR:process_info.cc(625)] range at 0xfffa0000, size 0xf84 fully unreadable
[0421/125208.771:ERROR:process_info.cc(625)] range at 0xfff9d000, size 0xf84 fully unreadable
[0421/125208.771:ERROR:process_info.cc(625)] range at 0xfff9a000, size 0xf84 fully unreadable
[0421/125208.771:ERROR:process_info.cc(625)] range at 0xfff97000, size 0xf84 fully unreadable
[0421/125208.771:ERROR:process_info.cc(625)] range at 0xfff91000, size 0xf84 fully unreadable
[0421/125208.771:ERROR:process_info.cc(625)] range at 0xfff94000, size 0xf84 fully unreadable
[0421/125208.771:ERROR:process_info.cc(625)] range at 0xfff8e000, size 0xf84 fully unreadable
[0421/125208.771:ERROR:process_info.cc(625)] range at 0xfff8b000, size 0xf84 fully unreadable
[0421/125208.771:ERROR:process_info.cc(625)] range at 0xfff88000, size 0xf84 fully unreadable
[0421/125208.771:ERROR:process_info.cc(625)] range at 0xfff85000, size 0xf84 fully unreadable
[0424/160706.548:ERROR:process_reader_win.cc(114)] NtOpenThread: {Отказ доступа} Процесс запросил доступ к объекту, однако права доступа не предоставлены.  (0xc0000022)
[0424/160706.551:ERROR:exception_snapshot_win.cc(87)] thread ID 17364 not found in process
[0424/160706.551:WARNING:crash_report_exception_handler.cc(60)] ProcessSnapshotWin::Initialize failed
